{"C:\\Users\\elsan\\OneDrive\\Escritorio\\back\\api\\Controladores\\tasks.js": {"path":"C:\\Users\\elsan\\OneDrive\\Escritorio\\back\\api\\Controladores\\tasks.js","statementMap":{"0":{"start":{"line":1,"column":14},"end":{"line":1,"column":40}},"1":{"start":{"line":4,"column":0},"end":{"line":43,"column":2}},"2":{"start":{"line":5,"column":4},"end":{"line":42,"column":7}},"3":{"start":{"line":6,"column":40},"end":{"line":6,"column":48}},"4":{"start":{"line":9,"column":8},"end":{"line":11,"column":9}},"5":{"start":{"line":10,"column":10},"end":{"line":10,"column":80}},"6":{"start":{"line":14,"column":8},"end":{"line":16,"column":9}},"7":{"start":{"line":15,"column":10},"end":{"line":15,"column":101}},"8":{"start":{"line":18,"column":8},"end":{"line":20,"column":9}},"9":{"start":{"line":19,"column":10},"end":{"line":19,"column":106}},"10":{"start":{"line":23,"column":25},"end":{"line":23,"column":67}},"11":{"start":{"line":24,"column":23},"end":{"line":24,"column":57}},"12":{"start":{"line":27,"column":24},"end":{"line":32,"column":10}},"13":{"start":{"line":35,"column":8},"end":{"line":35,"column":29}},"14":{"start":{"line":38,"column":8},"end":{"line":38,"column":63}},"15":{"start":{"line":41,"column":8},"end":{"line":41,"column":81}},"16":{"start":{"line":47,"column":0},"end":{"line":57,"column":1}},"17":{"start":{"line":48,"column":4},"end":{"line":56,"column":7}},"18":{"start":{"line":49,"column":22},"end":{"line":49,"column":40}},"19":{"start":{"line":51,"column":8},"end":{"line":51,"column":24}},"20":{"start":{"line":55,"column":8},"end":{"line":55,"column":85}},"21":{"start":{"line":59,"column":0},"end":{"line":74,"column":1}},"22":{"start":{"line":60,"column":4},"end":{"line":73,"column":7}},"23":{"start":{"line":61,"column":23},"end":{"line":61,"column":33}},"24":{"start":{"line":62,"column":21},"end":{"line":62,"column":45}},"25":{"start":{"line":64,"column":8},"end":{"line":66,"column":9}},"26":{"start":{"line":65,"column":10},"end":{"line":65,"column":75}},"27":{"start":{"line":68,"column":8},"end":{"line":68,"column":23}},"28":{"start":{"line":72,"column":8},"end":{"line":72,"column":83}},"29":{"start":{"line":76,"column":0},"end":{"line":109,"column":2}},"30":{"start":{"line":77,"column":2},"end":{"line":108,"column":3}},"31":{"start":{"line":78,"column":21},"end":{"line":78,"column":31}},"32":{"start":{"line":79,"column":47},"end":{"line":79,"column":55}},"33":{"start":{"line":82,"column":6},"end":{"line":84,"column":7}},"34":{"start":{"line":83,"column":10},"end":{"line":83,"column":101}},"35":{"start":{"line":86,"column":6},"end":{"line":88,"column":7}},"36":{"start":{"line":87,"column":10},"end":{"line":87,"column":106}},"37":{"start":{"line":90,"column":6},"end":{"line":92,"column":7}},"38":{"start":{"line":91,"column":10},"end":{"line":91,"column":92}},"39":{"start":{"line":94,"column":26},"end":{"line":98,"column":7}},"40":{"start":{"line":100,"column":6},"end":{"line":102,"column":7}},"41":{"start":{"line":101,"column":10},"end":{"line":101,"column":75}},"42":{"start":{"line":104,"column":6},"end":{"line":104,"column":62}},"43":{"start":{"line":107,"column":6},"end":{"line":107,"column":84}},"44":{"start":{"line":113,"column":0},"end":{"line":136,"column":2}},"45":{"start":{"line":114,"column":2},"end":{"line":135,"column":3}},"46":{"start":{"line":115,"column":21},"end":{"line":115,"column":31}},"47":{"start":{"line":118,"column":6},"end":{"line":120,"column":7}},"48":{"start":{"line":119,"column":10},"end":{"line":119,"column":86}},"49":{"start":{"line":123,"column":19},"end":{"line":123,"column":43}},"50":{"start":{"line":125,"column":6},"end":{"line":127,"column":7}},"51":{"start":{"line":126,"column":10},"end":{"line":126,"column":75}},"52":{"start":{"line":129,"column":6},"end":{"line":129,"column":29}},"53":{"start":{"line":131,"column":6},"end":{"line":131,"column":47}},"54":{"start":{"line":134,"column":6},"end":{"line":134,"column":82}}},"fnMap":{"0":{"name":"(anonymous_0)","decl":{"start":{"line":4,"column":21},"end":{"line":4,"column":22}},"loc":{"start":{"line":4,"column":41},"end":{"line":43,"column":1}},"line":4},"1":{"name":"(anonymous_1)","decl":{"start":{"line":47,"column":24},"end":{"line":47,"column":25}},"loc":{"start":{"line":47,"column":44},"end":{"line":57,"column":1}},"line":47},"2":{"name":"(anonymous_2)","decl":{"start":{"line":59,"column":23},"end":{"line":59,"column":24}},"loc":{"start":{"line":59,"column":43},"end":{"line":74,"column":1}},"line":59},"3":{"name":"(anonymous_3)","decl":{"start":{"line":76,"column":26},"end":{"line":76,"column":27}},"loc":{"start":{"line":76,"column":46},"end":{"line":109,"column":1}},"line":76},"4":{"name":"(anonymous_4)","decl":{"start":{"line":113,"column":24},"end":{"line":113,"column":25}},"loc":{"start":{"line":113,"column":44},"end":{"line":136,"column":1}},"line":113}},"branchMap":{"0":{"loc":{"start":{"line":9,"column":8},"end":{"line":11,"column":9}},"type":"if","locations":[{"start":{"line":9,"column":8},"end":{"line":11,"column":9}},{"start":{},"end":{}}],"line":9},"1":{"loc":{"start":{"line":14,"column":8},"end":{"line":16,"column":9}},"type":"if","locations":[{"start":{"line":14,"column":8},"end":{"line":16,"column":9}},{"start":{},"end":{}}],"line":14},"2":{"loc":{"start":{"line":14,"column":12},"end":{"line":14,"column":52}},"type":"binary-expr","locations":[{"start":{"line":14,"column":12},"end":{"line":14,"column":29}},{"start":{"line":14,"column":33},"end":{"line":14,"column":52}}],"line":14},"3":{"loc":{"start":{"line":18,"column":8},"end":{"line":20,"column":9}},"type":"if","locations":[{"start":{"line":18,"column":8},"end":{"line":20,"column":9}},{"start":{},"end":{}}],"line":18},"4":{"loc":{"start":{"line":18,"column":12},"end":{"line":18,"column":62}},"type":"binary-expr","locations":[{"start":{"line":18,"column":12},"end":{"line":18,"column":34}},{"start":{"line":18,"column":38},"end":{"line":18,"column":62}}],"line":18},"5":{"loc":{"start":{"line":24,"column":23},"end":{"line":24,"column":57}},"type":"cond-expr","locations":[{"start":{"line":24,"column":34},"end":{"line":24,"column":53}},{"start":{"line":24,"column":56},"end":{"line":24,"column":57}}],"line":24},"6":{"loc":{"start":{"line":64,"column":8},"end":{"line":66,"column":9}},"type":"if","locations":[{"start":{"line":64,"column":8},"end":{"line":66,"column":9}},{"start":{},"end":{}}],"line":64},"7":{"loc":{"start":{"line":82,"column":6},"end":{"line":84,"column":7}},"type":"if","locations":[{"start":{"line":82,"column":6},"end":{"line":84,"column":7}},{"start":{},"end":{}}],"line":82},"8":{"loc":{"start":{"line":82,"column":10},"end":{"line":82,"column":61}},"type":"binary-expr","locations":[{"start":{"line":82,"column":10},"end":{"line":82,"column":17}},{"start":{"line":82,"column":21},"end":{"line":82,"column":38}},{"start":{"line":82,"column":42},"end":{"line":82,"column":61}}],"line":82},"9":{"loc":{"start":{"line":86,"column":6},"end":{"line":88,"column":7}},"type":"if","locations":[{"start":{"line":86,"column":6},"end":{"line":88,"column":7}},{"start":{},"end":{}}],"line":86},"10":{"loc":{"start":{"line":86,"column":10},"end":{"line":86,"column":60}},"type":"binary-expr","locations":[{"start":{"line":86,"column":10},"end":{"line":86,"column":32}},{"start":{"line":86,"column":36},"end":{"line":86,"column":60}}],"line":86},"11":{"loc":{"start":{"line":90,"column":6},"end":{"line":92,"column":7}},"type":"if","locations":[{"start":{"line":90,"column":6},"end":{"line":92,"column":7}},{"start":{},"end":{}}],"line":90},"12":{"loc":{"start":{"line":100,"column":6},"end":{"line":102,"column":7}},"type":"if","locations":[{"start":{"line":100,"column":6},"end":{"line":102,"column":7}},{"start":{},"end":{}}],"line":100},"13":{"loc":{"start":{"line":118,"column":6},"end":{"line":120,"column":7}},"type":"if","locations":[{"start":{"line":118,"column":6},"end":{"line":120,"column":7}},{"start":{},"end":{}}],"line":118},"14":{"loc":{"start":{"line":125,"column":6},"end":{"line":127,"column":7}},"type":"if","locations":[{"start":{"line":125,"column":6},"end":{"line":127,"column":7}},{"start":{},"end":{}}],"line":125}},"s":{"0":1,"1":1,"2":1,"3":1,"4":1,"5":1,"6":0,"7":0,"8":0,"9":0,"10":0,"11":0,"12":0,"13":0,"14":0,"15":0,"16":1,"17":2,"18":2,"19":1,"20":1,"21":1,"22":2,"23":2,"24":2,"25":2,"26":1,"27":1,"28":0,"29":1,"30":2,"31":2,"32":2,"33":2,"34":0,"35":2,"36":0,"37":2,"38":0,"39":2,"40":2,"41":1,"42":1,"43":0,"44":1,"45":2,"46":2,"47":2,"48":0,"49":2,"50":2,"51":1,"52":1,"53":1,"54":0},"f":{"0":1,"1":2,"2":2,"3":2,"4":2},"b":{"0":[1,0],"1":[0,0],"2":[0,0],"3":[0,0],"4":[0,0],"5":[0,0],"6":[1,1],"7":[0,2],"8":[2,2,2],"9":[0,2],"10":[2,2],"11":[0,2],"12":[1,1],"13":[0,2],"14":[1,1]},"_coverageSchema":"1a1c01bbd47fc00a2c39e90264f33305004495a9","hash":"9040f1e547f465a37803ec2ca1aec1132327e508"}
,"C:\\Users\\elsan\\OneDrive\\Escritorio\\back\\api\\Controladores\\usuario.js": {"path":"C:\\Users\\elsan\\OneDrive\\Escritorio\\back\\api\\Controladores\\usuario.js","statementMap":{"0":{"start":{"line":1,"column":16},"end":{"line":1,"column":45}},"1":{"start":{"line":3,"column":12},"end":{"line":3,"column":35}},"2":{"start":{"line":5,"column":0},"end":{"line":49,"column":2}},"3":{"start":{"line":6,"column":2},"end":{"line":48,"column":3}},"4":{"start":{"line":8,"column":6},"end":{"line":10,"column":7}},"5":{"start":{"line":9,"column":10},"end":{"line":9,"column":87}},"6":{"start":{"line":12,"column":44},"end":{"line":12,"column":52}},"7":{"start":{"line":14,"column":6},"end":{"line":16,"column":7}},"8":{"start":{"line":15,"column":10},"end":{"line":15,"column":84}},"9":{"start":{"line":18,"column":31},"end":{"line":18,"column":63}},"10":{"start":{"line":19,"column":6},"end":{"line":21,"column":7}},"11":{"start":{"line":20,"column":10},"end":{"line":20,"column":75}},"12":{"start":{"line":23,"column":25},"end":{"line":23,"column":53}},"13":{"start":{"line":24,"column":6},"end":{"line":26,"column":7}},"14":{"start":{"line":25,"column":10},"end":{"line":25,"column":85}},"15":{"start":{"line":29,"column":22},"end":{"line":33,"column":8}},"16":{"start":{"line":35,"column":6},"end":{"line":35,"column":27}},"17":{"start":{"line":38,"column":20},"end":{"line":41,"column":7}},"18":{"start":{"line":44,"column":6},"end":{"line":44,"column":81}},"19":{"start":{"line":46,"column":6},"end":{"line":46,"column":27}},"20":{"start":{"line":47,"column":6},"end":{"line":47,"column":59}},"21":{"start":{"line":51,"column":0},"end":{"line":88,"column":2}},"22":{"start":{"line":52,"column":2},"end":{"line":87,"column":3}},"23":{"start":{"line":53,"column":6},"end":{"line":55,"column":7}},"24":{"start":{"line":54,"column":10},"end":{"line":54,"column":87}},"25":{"start":{"line":58,"column":36},"end":{"line":58,"column":44}},"26":{"start":{"line":60,"column":6},"end":{"line":62,"column":7}},"27":{"start":{"line":61,"column":8},"end":{"line":61,"column":82}},"28":{"start":{"line":66,"column":31},"end":{"line":66,"column":63}},"29":{"start":{"line":67,"column":6},"end":{"line":69,"column":7}},"30":{"start":{"line":68,"column":10},"end":{"line":68,"column":68}},"31":{"start":{"line":72,"column":6},"end":{"line":74,"column":7}},"32":{"start":{"line":73,"column":10},"end":{"line":73,"column":68}},"33":{"start":{"line":77,"column":20},"end":{"line":81,"column":7}},"34":{"start":{"line":83,"column":6},"end":{"line":83,"column":64}},"35":{"start":{"line":85,"column":6},"end":{"line":85,"column":27}},"36":{"start":{"line":86,"column":6},"end":{"line":86,"column":59}}},"fnMap":{"0":{"name":"(anonymous_0)","decl":{"start":{"line":5,"column":23},"end":{"line":5,"column":24}},"loc":{"start":{"line":5,"column":43},"end":{"line":49,"column":1}},"line":5},"1":{"name":"(anonymous_1)","decl":{"start":{"line":51,"column":26},"end":{"line":51,"column":27}},"loc":{"start":{"line":51,"column":46},"end":{"line":88,"column":1}},"line":51}},"branchMap":{"0":{"loc":{"start":{"line":8,"column":6},"end":{"line":10,"column":7}},"type":"if","locations":[{"start":{"line":8,"column":6},"end":{"line":10,"column":7}},{"start":{},"end":{}}],"line":8},"1":{"loc":{"start":{"line":14,"column":6},"end":{"line":16,"column":7}},"type":"if","locations":[{"start":{"line":14,"column":6},"end":{"line":16,"column":7}},{"start":{},"end":{}}],"line":14},"2":{"loc":{"start":{"line":14,"column":10},"end":{"line":14,"column":42}},"type":"binary-expr","locations":[{"start":{"line":14,"column":10},"end":{"line":14,"column":17}},{"start":{"line":14,"column":21},"end":{"line":14,"column":32}},{"start":{"line":14,"column":36},"end":{"line":14,"column":42}}],"line":14},"3":{"loc":{"start":{"line":19,"column":6},"end":{"line":21,"column":7}},"type":"if","locations":[{"start":{"line":19,"column":6},"end":{"line":21,"column":7}},{"start":{},"end":{}}],"line":19},"4":{"loc":{"start":{"line":24,"column":6},"end":{"line":26,"column":7}},"type":"if","locations":[{"start":{"line":24,"column":6},"end":{"line":26,"column":7}},{"start":{},"end":{}}],"line":24},"5":{"loc":{"start":{"line":53,"column":6},"end":{"line":55,"column":7}},"type":"if","locations":[{"start":{"line":53,"column":6},"end":{"line":55,"column":7}},{"start":{},"end":{}}],"line":53},"6":{"loc":{"start":{"line":60,"column":6},"end":{"line":62,"column":7}},"type":"if","locations":[{"start":{"line":60,"column":6},"end":{"line":62,"column":7}},{"start":{},"end":{}}],"line":60},"7":{"loc":{"start":{"line":60,"column":10},"end":{"line":60,"column":31}},"type":"binary-expr","locations":[{"start":{"line":60,"column":10},"end":{"line":60,"column":16}},{"start":{"line":60,"column":20},"end":{"line":60,"column":31}}],"line":60},"8":{"loc":{"start":{"line":67,"column":6},"end":{"line":69,"column":7}},"type":"if","locations":[{"start":{"line":67,"column":6},"end":{"line":69,"column":7}},{"start":{},"end":{}}],"line":67},"9":{"loc":{"start":{"line":72,"column":6},"end":{"line":74,"column":7}},"type":"if","locations":[{"start":{"line":72,"column":6},"end":{"line":74,"column":7}},{"start":{},"end":{}}],"line":72},"10":{"loc":{"start":{"line":72,"column":10},"end":{"line":72,"column":88}},"type":"binary-expr","locations":[{"start":{"line":72,"column":10},"end":{"line":72,"column":52}},{"start":{"line":72,"column":56},"end":{"line":72,"column":88}}],"line":72}},"s":{"0":1,"1":1,"2":1,"3":3,"4":3,"5":0,"6":3,"7":3,"8":1,"9":2,"10":2,"11":1,"12":1,"13":1,"14":0,"15":1,"16":1,"17":1,"18":1,"19":0,"20":0,"21":1,"22":3,"23":3,"24":0,"25":3,"26":3,"27":1,"28":2,"29":2,"30":1,"31":1,"32":0,"33":1,"34":1,"35":0,"36":0},"f":{"0":3,"1":3},"b":{"0":[0,3],"1":[1,2],"2":[3,3,2],"3":[1,1],"4":[0,1],"5":[0,3],"6":[1,2],"7":[3,2],"8":[1,1],"9":[0,1],"10":[1,1]},"_coverageSchema":"1a1c01bbd47fc00a2c39e90264f33305004495a9","hash":"4d155c3d7513e5d0045cb7366eac6f0def951a76"}
,"C:\\Users\\elsan\\OneDrive\\Escritorio\\back\\api\\db\\db.js": {"path":"C:\\Users\\elsan\\OneDrive\\Escritorio\\back\\api\\db\\db.js","statementMap":{"0":{"start":{"line":1,"column":17},"end":{"line":1,"column":36}},"1":{"start":{"line":2,"column":0},"end":{"line":2,"column":27}},"2":{"start":{"line":4,"column":12},"end":{"line":4,"column":33}},"3":{"start":{"line":6,"column":0},"end":{"line":8,"column":1}},"4":{"start":{"line":7,"column":2},"end":{"line":7,"column":84}},"5":{"start":{"line":10,"column":0},"end":{"line":17,"column":5}},"6":{"start":{"line":12,"column":4},"end":{"line":12,"column":46}},"7":{"start":{"line":15,"column":4},"end":{"line":15,"column":64}},"8":{"start":{"line":16,"column":4},"end":{"line":16,"column":20}},"9":{"start":{"line":19,"column":0},"end":{"line":19,"column":26}}},"fnMap":{"0":{"name":"(anonymous_0)","decl":{"start":{"line":11,"column":8},"end":{"line":11,"column":9}},"loc":{"start":{"line":11,"column":14},"end":{"line":13,"column":3}},"line":11},"1":{"name":"(anonymous_1)","decl":{"start":{"line":14,"column":9},"end":{"line":14,"column":10}},"loc":{"start":{"line":14,"column":20},"end":{"line":17,"column":3}},"line":14}},"branchMap":{"0":{"loc":{"start":{"line":6,"column":0},"end":{"line":8,"column":1}},"type":"if","locations":[{"start":{"line":6,"column":0},"end":{"line":8,"column":1}},{"start":{},"end":{}}],"line":6}},"s":{"0":2,"1":2,"2":2,"3":2,"4":0,"5":2,"6":0,"7":0,"8":0,"9":2},"f":{"0":0,"1":0},"b":{"0":[0,2]},"_coverageSchema":"1a1c01bbd47fc00a2c39e90264f33305004495a9","hash":"5b853419a1dfb35df59237482f4c8633b749e405"}
,"C:\\Users\\elsan\\OneDrive\\Escritorio\\back\\api\\middleware\\autenticacion.js": {"path":"C:\\Users\\elsan\\OneDrive\\Escritorio\\back\\api\\middleware\\autenticacion.js","statementMap":{"0":{"start":{"line":1,"column":12},"end":{"line":1,"column":35}},"1":{"start":{"line":3,"column":13},"end":{"line":19,"column":1}},"2":{"start":{"line":4,"column":18},"end":{"line":4,"column":45}},"3":{"start":{"line":7,"column":4},"end":{"line":9,"column":5}},"4":{"start":{"line":8,"column":8},"end":{"line":8,"column":92}},"5":{"start":{"line":11,"column":4},"end":{"line":18,"column":5}},"6":{"start":{"line":13,"column":24},"end":{"line":13,"column":66}},"7":{"start":{"line":14,"column":8},"end":{"line":14,"column":27}},"8":{"start":{"line":15,"column":8},"end":{"line":15,"column":15}},"9":{"start":{"line":17,"column":8},"end":{"line":17,"column":67}},"10":{"start":{"line":21,"column":0},"end":{"line":21,"column":22}}},"fnMap":{"0":{"name":"(anonymous_0)","decl":{"start":{"line":3,"column":13},"end":{"line":3,"column":14}},"loc":{"start":{"line":3,"column":33},"end":{"line":19,"column":1}},"line":3}},"branchMap":{"0":{"loc":{"start":{"line":7,"column":4},"end":{"line":9,"column":5}},"type":"if","locations":[{"start":{"line":7,"column":4},"end":{"line":9,"column":5}},{"start":{},"end":{}}],"line":7}},"s":{"0":1,"1":1,"2":2,"3":2,"4":1,"5":1,"6":1,"7":0,"8":0,"9":1,"10":1},"f":{"0":2},"b":{"0":[1,1]},"_coverageSchema":"1a1c01bbd47fc00a2c39e90264f33305004495a9","hash":"0eafc1102f68abeb2c09509bbf453c1fc019bf8d"}
,"C:\\Users\\elsan\\OneDrive\\Escritorio\\back\\api\\modelos\\task.js": {"path":"C:\\Users\\elsan\\OneDrive\\Escritorio\\back\\api\\modelos\\task.js","statementMap":{"0":{"start":{"line":1,"column":17},"end":{"line":1,"column":36}},"1":{"start":{"line":3,"column":19},"end":{"line":19,"column":22}},"2":{"start":{"line":21,"column":13},"end":{"line":21,"column":47}},"3":{"start":{"line":23,"column":0},"end":{"line":23,"column":22}}},"fnMap":{},"branchMap":{},"s":{"0":1,"1":1,"2":1,"3":1},"f":{},"b":{},"_coverageSchema":"1a1c01bbd47fc00a2c39e90264f33305004495a9","hash":"d18b2ce5f87bb7d07dd2bfcfc12eba05cbb4cbfa"}
,"C:\\Users\\elsan\\OneDrive\\Escritorio\\back\\api\\modelos\\usuario.js": {"path":"C:\\Users\\elsan\\OneDrive\\Escritorio\\back\\api\\modelos\\usuario.js","statementMap":{"0":{"start":{"line":1,"column":17},"end":{"line":1,"column":36}},"1":{"start":{"line":3,"column":23},"end":{"line":21,"column":22}},"2":{"start":{"line":23,"column":21},"end":{"line":23,"column":63}},"3":{"start":{"line":24,"column":0},"end":{"line":24,"column":30}}},"fnMap":{},"branchMap":{},"s":{"0":1,"1":1,"2":1,"3":1},"f":{},"b":{},"_coverageSchema":"1a1c01bbd47fc00a2c39e90264f33305004495a9","hash":"3e08fc95ec255345f3da5d3f7193f5c49dafe1a4"}
}
