TN:
SF:api\Controladores\tasks.js
FN:4,(anonymous_0)
FN:47,(anonymous_1)
FN:59,(anonymous_2)
FN:76,(anonymous_3)
FN:113,(anonymous_4)
FNF:5
FNH:5
FNDA:1,(anonymous_0)
FNDA:2,(anonymous_1)
FNDA:2,(anonymous_2)
FNDA:2,(anonymous_3)
FNDA:2,(anonymous_4)
DA:1,1
DA:4,1
DA:5,1
DA:6,1
DA:9,1
DA:10,1
DA:14,0
DA:15,0
DA:18,0
DA:19,0
DA:23,0
DA:24,0
DA:27,0
DA:35,0
DA:38,0
DA:41,0
DA:47,1
DA:48,2
DA:49,2
DA:51,1
DA:55,1
DA:59,1
DA:60,2
DA:61,2
DA:62,2
DA:64,2
DA:65,1
DA:68,1
DA:72,0
DA:76,1
DA:77,2
DA:78,2
DA:79,2
DA:82,2
DA:83,0
DA:86,2
DA:87,0
DA:90,2
DA:91,0
DA:94,2
DA:100,2
DA:101,1
DA:104,1
DA:107,0
DA:113,1
DA:114,2
DA:115,2
DA:118,2
DA:119,0
DA:123,2
DA:125,2
DA:126,1
DA:129,1
DA:131,1
DA:134,0
LF:55
LH:38
BRDA:9,0,0,1
BRDA:9,0,1,0
BRDA:14,1,0,0
BRDA:14,1,1,0
BRDA:14,2,0,0
BRDA:14,2,1,0
BRDA:18,3,0,0
BRDA:18,3,1,0
BRDA:18,4,0,0
BRDA:18,4,1,0
BRDA:24,5,0,0
BRDA:24,5,1,0
BRDA:64,6,0,1
BRDA:64,6,1,1
BRDA:82,7,0,0
BRDA:82,7,1,2
BRDA:82,8,0,2
BRDA:82,8,1,2
BRDA:82,8,2,2
BRDA:86,9,0,0
BRDA:86,9,1,2
BRDA:86,10,0,2
BRDA:86,10,1,2
BRDA:90,11,0,0
BRDA:90,11,1,2
BRDA:100,12,0,1
BRDA:100,12,1,1
BRDA:118,13,0,0
BRDA:118,13,1,2
BRDA:125,14,0,1
BRDA:125,14,1,1
BRF:31
BRH:16
end_of_record
TN:
SF:api\Controladores\usuario.js
FN:5,(anonymous_0)
FN:51,(anonymous_1)
FNF:2
FNH:2
FNDA:3,(anonymous_0)
FNDA:3,(anonymous_1)
DA:1,1
DA:3,1
DA:5,1
DA:6,3
DA:8,3
DA:9,0
DA:12,3
DA:14,3
DA:15,1
DA:18,2
DA:19,2
DA:20,1
DA:23,1
DA:24,1
DA:25,0
DA:29,1
DA:35,1
DA:38,1
DA:44,1
DA:46,0
DA:47,0
DA:51,1
DA:52,3
DA:53,3
DA:54,0
DA:58,3
DA:60,3
DA:61,1
DA:66,2
DA:67,2
DA:68,1
DA:72,1
DA:73,0
DA:77,1
DA:83,1
DA:85,0
DA:86,0
LF:37
LH:29
BRDA:8,0,0,0
BRDA:8,0,1,3
BRDA:14,1,0,1
BRDA:14,1,1,2
BRDA:14,2,0,3
BRDA:14,2,1,3
BRDA:14,2,2,2
BRDA:19,3,0,1
BRDA:19,3,1,1
BRDA:24,4,0,0
BRDA:24,4,1,1
BRDA:53,5,0,0
BRDA:53,5,1,3
BRDA:60,6,0,1
BRDA:60,6,1,2
BRDA:60,7,0,3
BRDA:60,7,1,2
BRDA:67,8,0,1
BRDA:67,8,1,1
BRDA:72,9,0,0
BRDA:72,9,1,1
BRDA:72,10,0,1
BRDA:72,10,1,1
BRF:23
BRH:19
end_of_record
TN:
SF:api\db\db.js
FN:11,(anonymous_0)
FN:14,(anonymous_1)
FNF:2
FNH:0
FNDA:0,(anonymous_0)
FNDA:0,(anonymous_1)
DA:1,2
DA:2,2
DA:4,2
DA:6,2
DA:7,0
DA:10,2
DA:12,0
DA:15,0
DA:16,0
DA:19,2
LF:10
LH:6
BRDA:6,0,0,0
BRDA:6,0,1,2
BRF:2
BRH:1
end_of_record
TN:
SF:api\middleware\autenticacion.js
FN:3,(anonymous_0)
FNF:1
FNH:1
FNDA:2,(anonymous_0)
DA:1,1
DA:3,1
DA:4,2
DA:7,2
DA:8,1
DA:11,1
DA:13,1
DA:14,0
DA:15,0
DA:17,1
DA:21,1
LF:11
LH:9
BRDA:7,0,0,1
BRDA:7,0,1,1
BRF:2
BRH:2
end_of_record
TN:
SF:api\modelos\task.js
FNF:0
FNH:0
DA:1,1
DA:3,1
DA:21,1
DA:23,1
LF:4
LH:4
BRF:0
BRH:0
end_of_record
TN:
SF:api\modelos\usuario.js
FNF:0
FNH:0
DA:1,1
DA:3,1
DA:23,1
DA:24,1
LF:4
LH:4
BRF:0
BRH:0
end_of_record
